<?xml version="1.0" encoding="UTF-8"?>
<testsuite name="com.reactivespring.controller.FluxAndMonoControllerTest" tests="3" skipped="0" failures="0" errors="0" timestamp="2022-02-05T22:50:51" hostname="DESKTOP-BAPOS79" time="0.933">
  <properties/>
  <testcase name="fluxApproach2()" classname="com.reactivespring.controller.FluxAndMonoControllerTest" time="0.896"/>
  <testcase name="fluxApproach3()" classname="com.reactivespring.controller.FluxAndMonoControllerTest" time="0.015"/>
  <testcase name="flux()" classname="com.reactivespring.controller.FluxAndMonoControllerTest" time="0.016"/>
  <system-out><![CDATA[23:50:48.937 [Test worker] DEBUG org.springframework.test.context.BootstrapUtils - Instantiating CacheAwareContextLoaderDelegate from class [org.springframework.test.context.cache.DefaultCacheAwareContextLoaderDelegate]
23:50:48.958 [Test worker] DEBUG org.springframework.test.context.BootstrapUtils - Instantiating BootstrapContext using constructor [public org.springframework.test.context.support.DefaultBootstrapContext(java.lang.Class,org.springframework.test.context.CacheAwareContextLoaderDelegate)]
23:50:49.017 [Test worker] DEBUG org.springframework.test.context.BootstrapUtils - Instantiating TestContextBootstrapper for test class [com.reactivespring.controller.FluxAndMonoControllerTest] from class [org.springframework.boot.test.autoconfigure.web.reactive.WebFluxTestContextBootstrapper]
23:50:49.034 [Test worker] INFO org.springframework.boot.test.autoconfigure.web.reactive.WebFluxTestContextBootstrapper - Neither @ContextConfiguration nor @ContextHierarchy found for test class [com.reactivespring.controller.FluxAndMonoControllerTest], using SpringBootContextLoader
23:50:49.039 [Test worker] DEBUG org.springframework.test.context.support.AbstractContextLoader - Did not detect default resource location for test class [com.reactivespring.controller.FluxAndMonoControllerTest]: class path resource [com/reactivespring/controller/FluxAndMonoControllerTest-context.xml] does not exist
23:50:49.039 [Test worker] DEBUG org.springframework.test.context.support.AbstractContextLoader - Did not detect default resource location for test class [com.reactivespring.controller.FluxAndMonoControllerTest]: class path resource [com/reactivespring/controller/FluxAndMonoControllerTestContext.groovy] does not exist
23:50:49.040 [Test worker] INFO org.springframework.test.context.support.AbstractContextLoader - Could not detect default resource locations for test class [com.reactivespring.controller.FluxAndMonoControllerTest]: no resource found for suffixes {-context.xml, Context.groovy}.
23:50:49.041 [Test worker] INFO org.springframework.test.context.support.AnnotationConfigContextLoaderUtils - Could not detect default configuration classes for test class [com.reactivespring.controller.FluxAndMonoControllerTest]: FluxAndMonoControllerTest does not declare any static, non-private, non-final, nested classes annotated with @Configuration.
23:50:49.143 [Test worker] DEBUG org.springframework.test.context.support.ActiveProfilesUtils - Could not find an 'annotation declaring class' for annotation type [org.springframework.test.context.ActiveProfiles] and class [com.reactivespring.controller.FluxAndMonoControllerTest]
23:50:49.245 [Test worker] DEBUG org.springframework.context.annotation.ClassPathScanningCandidateComponentProvider - Identified candidate component class: file [C:\Users\krsti\Desktop\reactive-spring-webflux\movies-info-service\build\classes\java\main\com\reactivespring\MoviesInfoServiceApplication.class]
23:50:49.247 [Test worker] INFO org.springframework.boot.test.context.SpringBootTestContextBootstrapper - Found @SpringBootConfiguration com.reactivespring.MoviesInfoServiceApplication for test class com.reactivespring.controller.FluxAndMonoControllerTest
23:50:49.253 [Test worker] DEBUG org.springframework.boot.test.autoconfigure.web.reactive.WebFluxTestContextBootstrapper - @TestExecutionListeners is not present for class [com.reactivespring.controller.FluxAndMonoControllerTest]: using defaults.
23:50:49.254 [Test worker] INFO org.springframework.boot.test.autoconfigure.web.reactive.WebFluxTestContextBootstrapper - Loaded default TestExecutionListener class names from location [META-INF/spring.factories]: [org.springframework.boot.test.autoconfigure.restdocs.RestDocsTestExecutionListener, org.springframework.boot.test.autoconfigure.web.client.MockRestServiceServerResetTestExecutionListener, org.springframework.boot.test.autoconfigure.web.servlet.MockMvcPrintOnlyOnFailureTestExecutionListener, org.springframework.boot.test.autoconfigure.web.servlet.WebDriverTestExecutionListener, org.springframework.boot.test.autoconfigure.webservices.client.MockWebServiceServerTestExecutionListener, org.springframework.boot.test.mock.mockito.MockitoTestExecutionListener, org.springframework.boot.test.mock.mockito.ResetMocksTestExecutionListener, org.springframework.test.context.web.ServletTestExecutionListener, org.springframework.test.context.support.DirtiesContextBeforeModesTestExecutionListener, org.springframework.test.context.event.ApplicationEventsTestExecutionListener, org.springframework.test.context.support.DependencyInjectionTestExecutionListener, org.springframework.test.context.support.DirtiesContextTestExecutionListener, org.springframework.test.context.transaction.TransactionalTestExecutionListener, org.springframework.test.context.jdbc.SqlScriptsTestExecutionListener, org.springframework.test.context.event.EventPublishingTestExecutionListener]
23:50:49.269 [Test worker] DEBUG org.springframework.boot.test.autoconfigure.web.reactive.WebFluxTestContextBootstrapper - Skipping candidate TestExecutionListener [org.springframework.test.context.web.ServletTestExecutionListener] due to a missing dependency. Specify custom listener classes or make the default listener classes and their required dependencies available. Offending class: [javax/servlet/ServletContext]
23:50:49.283 [Test worker] INFO org.springframework.boot.test.autoconfigure.web.reactive.WebFluxTestContextBootstrapper - Using TestExecutionListeners: [org.springframework.test.context.support.DirtiesContextBeforeModesTestExecutionListener@40bb772f, org.springframework.test.context.event.ApplicationEventsTestExecutionListener@1ddc8616, org.springframework.boot.test.mock.mockito.MockitoTestExecutionListener@23ab77f7, org.springframework.boot.test.autoconfigure.SpringBootDependencyInjectionTestExecutionListener@62c2a4db, org.springframework.test.context.support.DirtiesContextTestExecutionListener@79dba5a3, org.springframework.test.context.transaction.TransactionalTestExecutionListener@4e70b8, org.springframework.test.context.jdbc.SqlScriptsTestExecutionListener@7822ab89, org.springframework.test.context.event.EventPublishingTestExecutionListener@fb13c2a, org.springframework.boot.test.autoconfigure.restdocs.RestDocsTestExecutionListener@2be376c2, org.springframework.boot.test.autoconfigure.web.client.MockRestServiceServerResetTestExecutionListener@585b18b6, org.springframework.boot.test.autoconfigure.web.servlet.MockMvcPrintOnlyOnFailureTestExecutionListener@35489ed7, org.springframework.boot.test.autoconfigure.web.servlet.WebDriverTestExecutionListener@339eb438, org.springframework.boot.test.autoconfigure.webservices.client.MockWebServiceServerTestExecutionListener@37b81ef, org.springframework.boot.test.mock.mockito.ResetMocksTestExecutionListener@3e5a79e]
23:50:49.290 [Test worker] DEBUG org.springframework.test.context.support.AbstractDirtiesContextTestExecutionListener - Before test class: context [DefaultTestContext@70fc669c testClass = FluxAndMonoControllerTest, testInstance = [null], testMethod = [null], testException = [null], mergedContextConfiguration = [ReactiveWebMergedContextConfiguration@2ca7f586 testClass = FluxAndMonoControllerTest, locations = '{}', classes = '{class com.reactivespring.MoviesInfoServiceApplication}', contextInitializerClasses = '[]', activeProfiles = '{}', propertySourceLocations = '{}', propertySourceProperties = '{org.springframework.boot.test.autoconfigure.web.reactive.WebFluxTestContextBootstrapper=true}', contextCustomizers = set[org.springframework.boot.test.autoconfigure.OverrideAutoConfigurationContextCustomizerFactory$DisableAutoConfigurationContextCustomizer@68fbb1f, org.springframework.boot.test.autoconfigure.actuate.metrics.MetricsExportContextCustomizerFactory$DisableMetricExportContextCustomizer@4a4f45df, org.springframework.boot.test.autoconfigure.filter.TypeExcludeFiltersContextCustomizer@7d9bed0d, org.springframework.boot.test.autoconfigure.properties.PropertyMappingContextCustomizer@d2a1996d, org.springframework.boot.test.autoconfigure.web.servlet.WebDriverContextCustomizerFactory$Customizer@3b69a71e, [ImportsContextCustomizer@20d6da01 key = [org.springframework.boot.autoconfigure.cache.CacheAutoConfiguration, org.springframework.boot.autoconfigure.gson.GsonAutoConfiguration, org.springframework.boot.autoconfigure.jackson.JacksonAutoConfiguration, org.springframework.boot.autoconfigure.jsonb.JsonbAutoConfiguration, org.springframework.boot.autoconfigure.context.MessageSourceAutoConfiguration, org.springframework.boot.autoconfigure.freemarker.FreeMarkerAutoConfiguration, org.springframework.boot.autoconfigure.http.codec.CodecsAutoConfiguration, org.springframework.boot.autoconfigure.mustache.MustacheAutoConfiguration, org.springframework.boot.autoconfigure.thymeleaf.ThymeleafAutoConfiguration, org.springframework.boot.autoconfigure.validation.ValidationAutoConfiguration, org.springframework.boot.autoconfigure.web.reactive.WebFluxAutoConfiguration, org.springframework.boot.autoconfigure.web.reactive.error.ErrorWebFluxAutoConfiguration, org.springframework.boot.autoconfigure.security.oauth2.client.reactive.ReactiveOAuth2ClientAutoConfiguration, org.springframework.boot.autoconfigure.security.oauth2.resource.reactive.ReactiveOAuth2ResourceServerAutoConfiguration, org.springframework.boot.autoconfigure.security.reactive.ReactiveSecurityAutoConfiguration, org.springframework.boot.autoconfigure.security.reactive.ReactiveUserDetailsServiceAutoConfiguration, org.springframework.boot.test.autoconfigure.web.reactive.WebTestClientAutoConfiguration]], org.springframework.boot.test.context.filter.ExcludeFilterContextCustomizer@20e6dea6, org.springframework.boot.test.json.DuplicateJsonObjectContextCustomizerFactory$DuplicateJsonObjectContextCustomizer@49de42e, org.springframework.boot.test.mock.mockito.MockitoContextCustomizer@0, org.springframework.boot.test.context.SpringBootTestArgs@1, org.springframework.boot.test.context.SpringBootTestWebEnvironment@0], contextLoader = 'org.springframework.boot.test.context.SpringBootContextLoader', parent = [null]], attributes = map[[empty]]], class annotated with @DirtiesContext [false] with mode [null].
23:50:49.321 [Test worker] DEBUG org.springframework.test.context.support.DependencyInjectionTestExecutionListener - Performing dependency injection for test context [[DefaultTestContext@70fc669c testClass = FluxAndMonoControllerTest, testInstance = com.reactivespring.controller.FluxAndMonoControllerTest@c8631a4, testMethod = [null], testException = [null], mergedContextConfiguration = [ReactiveWebMergedContextConfiguration@2ca7f586 testClass = FluxAndMonoControllerTest, locations = '{}', classes = '{class com.reactivespring.MoviesInfoServiceApplication}', contextInitializerClasses = '[]', activeProfiles = '{}', propertySourceLocations = '{}', propertySourceProperties = '{org.springframework.boot.test.autoconfigure.web.reactive.WebFluxTestContextBootstrapper=true}', contextCustomizers = set[org.springframework.boot.test.autoconfigure.OverrideAutoConfigurationContextCustomizerFactory$DisableAutoConfigurationContextCustomizer@68fbb1f, org.springframework.boot.test.autoconfigure.actuate.metrics.MetricsExportContextCustomizerFactory$DisableMetricExportContextCustomizer@4a4f45df, org.springframework.boot.test.autoconfigure.filter.TypeExcludeFiltersContextCustomizer@7d9bed0d, org.springframework.boot.test.autoconfigure.properties.PropertyMappingContextCustomizer@d2a1996d, org.springframework.boot.test.autoconfigure.web.servlet.WebDriverContextCustomizerFactory$Customizer@3b69a71e, [ImportsContextCustomizer@20d6da01 key = [org.springframework.boot.autoconfigure.cache.CacheAutoConfiguration, org.springframework.boot.autoconfigure.gson.GsonAutoConfiguration, org.springframework.boot.autoconfigure.jackson.JacksonAutoConfiguration, org.springframework.boot.autoconfigure.jsonb.JsonbAutoConfiguration, org.springframework.boot.autoconfigure.context.MessageSourceAutoConfiguration, org.springframework.boot.autoconfigure.freemarker.FreeMarkerAutoConfiguration, org.springframework.boot.autoconfigure.http.codec.CodecsAutoConfiguration, org.springframework.boot.autoconfigure.mustache.MustacheAutoConfiguration, org.springframework.boot.autoconfigure.thymeleaf.ThymeleafAutoConfiguration, org.springframework.boot.autoconfigure.validation.ValidationAutoConfiguration, org.springframework.boot.autoconfigure.web.reactive.WebFluxAutoConfiguration, org.springframework.boot.autoconfigure.web.reactive.error.ErrorWebFluxAutoConfiguration, org.springframework.boot.autoconfigure.security.oauth2.client.reactive.ReactiveOAuth2ClientAutoConfiguration, org.springframework.boot.autoconfigure.security.oauth2.resource.reactive.ReactiveOAuth2ResourceServerAutoConfiguration, org.springframework.boot.autoconfigure.security.reactive.ReactiveSecurityAutoConfiguration, org.springframework.boot.autoconfigure.security.reactive.ReactiveUserDetailsServiceAutoConfiguration, org.springframework.boot.test.autoconfigure.web.reactive.WebTestClientAutoConfiguration]], org.springframework.boot.test.context.filter.ExcludeFilterContextCustomizer@20e6dea6, org.springframework.boot.test.json.DuplicateJsonObjectContextCustomizerFactory$DuplicateJsonObjectContextCustomizer@49de42e, org.springframework.boot.test.mock.mockito.MockitoContextCustomizer@0, org.springframework.boot.test.context.SpringBootTestArgs@1, org.springframework.boot.test.context.SpringBootTestWebEnvironment@0], contextLoader = 'org.springframework.boot.test.context.SpringBootContextLoader', parent = [null]], attributes = map['org.springframework.test.context.event.ApplicationEventsTestExecutionListener.recordApplicationEvents' -> false]]].

  .   ____          _            __ _ _
 /\\ / ___'_ __ _ _(_)_ __  __ _ \ \ \ \
( ( )\___ | '_ | '_| | '_ \/ _` | \ \ \ \
 \\/  ___)| |_)| | | | | || (_| |  ) ) ) )
  '  |____| .__|_| |_|_| |_\__, | / / / /
 =========|_|==============|___/=/_/_/_/
 :: Spring Boot ::                (v2.6.3)

2022-02-05 23:50:49.924  INFO 11968 --- [    Test worker] c.r.c.FluxAndMonoControllerTest          : Starting FluxAndMonoControllerTest using Java 11.0.14 on DESKTOP-BAPOS79 with PID 11968 (started by krsti in C:\Users\krsti\Desktop\reactive-spring-webflux\movies-info-service)
2022-02-05 23:50:49.925  INFO 11968 --- [    Test worker] c.r.c.FluxAndMonoControllerTest          : No active profile set, falling back to default profiles: default
2022-02-05 23:50:51.816  INFO 11968 --- [    Test worker] c.r.c.FluxAndMonoControllerTest          : Started FluxAndMonoControllerTest in 2.415 seconds (JVM running for 4.659)
2022-02-05 23:50:52.605  INFO 11968 --- [     parallel-1] reactor.Flux.Array.1                     : | onSubscribe([Synchronous Fuseable] FluxArray.ArraySubscription)
2022-02-05 23:50:52.609  INFO 11968 --- [     parallel-1] reactor.Flux.Array.1                     : | request(unbounded)
2022-02-05 23:50:52.610  INFO 11968 --- [     parallel-1] reactor.Flux.Array.1                     : | onNext(1)
2022-02-05 23:50:52.610  INFO 11968 --- [     parallel-1] reactor.Flux.Array.1                     : | onNext(2)
2022-02-05 23:50:52.610  INFO 11968 --- [     parallel-1] reactor.Flux.Array.1                     : | onNext(3)
2022-02-05 23:50:52.610  INFO 11968 --- [     parallel-1] reactor.Flux.Array.1                     : | onComplete()
2022-02-05 23:50:52.738  INFO 11968 --- [     parallel-2] reactor.Flux.Array.2                     : | onSubscribe([Synchronous Fuseable] FluxArray.ArraySubscription)
2022-02-05 23:50:52.739  INFO 11968 --- [     parallel-2] reactor.Flux.Array.2                     : | request(unbounded)
2022-02-05 23:50:52.739  INFO 11968 --- [     parallel-2] reactor.Flux.Array.2                     : | onNext(1)
2022-02-05 23:50:52.739  INFO 11968 --- [     parallel-2] reactor.Flux.Array.2                     : | onNext(2)
2022-02-05 23:50:52.739  INFO 11968 --- [     parallel-2] reactor.Flux.Array.2                     : | onNext(3)
2022-02-05 23:50:52.739  INFO 11968 --- [     parallel-2] reactor.Flux.Array.2                     : | onComplete()
2022-02-05 23:50:52.754  INFO 11968 --- [     parallel-3] reactor.Flux.Array.3                     : | onSubscribe([Synchronous Fuseable] FluxArray.ArraySubscription)
2022-02-05 23:50:52.755  INFO 11968 --- [     parallel-3] reactor.Flux.Array.3                     : | request(unbounded)
2022-02-05 23:50:52.755  INFO 11968 --- [     parallel-3] reactor.Flux.Array.3                     : | onNext(1)
2022-02-05 23:50:52.755  INFO 11968 --- [     parallel-3] reactor.Flux.Array.3                     : | onNext(2)
2022-02-05 23:50:52.755  INFO 11968 --- [     parallel-3] reactor.Flux.Array.3                     : | onNext(3)
2022-02-05 23:50:52.755  INFO 11968 --- [     parallel-3] reactor.Flux.Array.3                     : | onComplete()
]]></system-out>
  <system-err><![CDATA[]]></system-err>
</testsuite>
