<?xml version="1.0" encoding="UTF-8"?>
<testsuite name="com.reactivespring.controller.MoviesInfoControllerTest" tests="1" skipped="0" failures="0" errors="0" timestamp="2022-02-06T17:49:27" hostname="DESKTOP-BAPOS79" time="1.296">
  <properties/>
  <testcase name="updateMovieInfo()" classname="com.reactivespring.controller.MoviesInfoControllerTest" time="1.296"/>
  <system-out><![CDATA[18:49:21.961 [Test worker] DEBUG org.springframework.test.context.BootstrapUtils - Instantiating CacheAwareContextLoaderDelegate from class [org.springframework.test.context.cache.DefaultCacheAwareContextLoaderDelegate]
18:49:21.978 [Test worker] DEBUG org.springframework.test.context.BootstrapUtils - Instantiating BootstrapContext using constructor [public org.springframework.test.context.support.DefaultBootstrapContext(java.lang.Class,org.springframework.test.context.CacheAwareContextLoaderDelegate)]
18:49:22.033 [Test worker] DEBUG org.springframework.test.context.BootstrapUtils - Instantiating TestContextBootstrapper for test class [com.reactivespring.controller.MoviesInfoControllerTest] from class [org.springframework.boot.test.context.SpringBootTestContextBootstrapper]
18:49:22.054 [Test worker] INFO org.springframework.boot.test.context.SpringBootTestContextBootstrapper - Neither @ContextConfiguration nor @ContextHierarchy found for test class [com.reactivespring.controller.MoviesInfoControllerTest], using SpringBootContextLoader
18:49:22.061 [Test worker] DEBUG org.springframework.test.context.support.AbstractContextLoader - Did not detect default resource location for test class [com.reactivespring.controller.MoviesInfoControllerTest]: class path resource [com/reactivespring/controller/MoviesInfoControllerTest-context.xml] does not exist
18:49:22.062 [Test worker] DEBUG org.springframework.test.context.support.AbstractContextLoader - Did not detect default resource location for test class [com.reactivespring.controller.MoviesInfoControllerTest]: class path resource [com/reactivespring/controller/MoviesInfoControllerTestContext.groovy] does not exist
18:49:22.063 [Test worker] INFO org.springframework.test.context.support.AbstractContextLoader - Could not detect default resource locations for test class [com.reactivespring.controller.MoviesInfoControllerTest]: no resource found for suffixes {-context.xml, Context.groovy}.
18:49:22.064 [Test worker] INFO org.springframework.test.context.support.AnnotationConfigContextLoaderUtils - Could not detect default configuration classes for test class [com.reactivespring.controller.MoviesInfoControllerTest]: MoviesInfoControllerTest does not declare any static, non-private, non-final, nested classes annotated with @Configuration.
18:49:22.290 [Test worker] DEBUG org.springframework.context.annotation.ClassPathScanningCandidateComponentProvider - Identified candidate component class: file [C:\Users\krsti\Desktop\reactive-spring-webflux\movies-info-service\build\classes\java\main\com\reactivespring\MoviesInfoServiceApplication.class]
18:49:22.293 [Test worker] INFO org.springframework.boot.test.context.SpringBootTestContextBootstrapper - Found @SpringBootConfiguration com.reactivespring.MoviesInfoServiceApplication for test class com.reactivespring.controller.MoviesInfoControllerTest
18:49:22.497 [Test worker] DEBUG org.springframework.boot.test.context.SpringBootTestContextBootstrapper - @TestExecutionListeners is not present for class [com.reactivespring.controller.MoviesInfoControllerTest]: using defaults.
18:49:22.498 [Test worker] INFO org.springframework.boot.test.context.SpringBootTestContextBootstrapper - Loaded default TestExecutionListener class names from location [META-INF/spring.factories]: [org.springframework.boot.test.autoconfigure.restdocs.RestDocsTestExecutionListener, org.springframework.boot.test.autoconfigure.web.client.MockRestServiceServerResetTestExecutionListener, org.springframework.boot.test.autoconfigure.web.servlet.MockMvcPrintOnlyOnFailureTestExecutionListener, org.springframework.boot.test.autoconfigure.web.servlet.WebDriverTestExecutionListener, org.springframework.boot.test.autoconfigure.webservices.client.MockWebServiceServerTestExecutionListener, org.springframework.boot.test.mock.mockito.MockitoTestExecutionListener, org.springframework.boot.test.mock.mockito.ResetMocksTestExecutionListener, org.springframework.test.context.web.ServletTestExecutionListener, org.springframework.test.context.support.DirtiesContextBeforeModesTestExecutionListener, org.springframework.test.context.event.ApplicationEventsTestExecutionListener, org.springframework.test.context.support.DependencyInjectionTestExecutionListener, org.springframework.test.context.support.DirtiesContextTestExecutionListener, org.springframework.test.context.transaction.TransactionalTestExecutionListener, org.springframework.test.context.jdbc.SqlScriptsTestExecutionListener, org.springframework.test.context.event.EventPublishingTestExecutionListener]
18:49:22.515 [Test worker] DEBUG org.springframework.boot.test.context.SpringBootTestContextBootstrapper - Skipping candidate TestExecutionListener [org.springframework.test.context.web.ServletTestExecutionListener] due to a missing dependency. Specify custom listener classes or make the default listener classes and their required dependencies available. Offending class: [javax/servlet/ServletContext]
18:49:22.526 [Test worker] INFO org.springframework.boot.test.context.SpringBootTestContextBootstrapper - Using TestExecutionListeners: [org.springframework.test.context.support.DirtiesContextBeforeModesTestExecutionListener@722e1d91, org.springframework.test.context.event.ApplicationEventsTestExecutionListener@47b503f9, org.springframework.boot.test.mock.mockito.MockitoTestExecutionListener@5c5698a9, org.springframework.boot.test.autoconfigure.SpringBootDependencyInjectionTestExecutionListener@7ebc83f5, org.springframework.test.context.support.DirtiesContextTestExecutionListener@7c7ccb26, org.springframework.test.context.transaction.TransactionalTestExecutionListener@1339b59b, org.springframework.test.context.jdbc.SqlScriptsTestExecutionListener@7b42f485, org.springframework.test.context.event.EventPublishingTestExecutionListener@61fb6333, org.springframework.boot.test.autoconfigure.restdocs.RestDocsTestExecutionListener@7bc4a1d1, org.springframework.boot.test.autoconfigure.web.client.MockRestServiceServerResetTestExecutionListener@258f465f, org.springframework.boot.test.autoconfigure.web.servlet.MockMvcPrintOnlyOnFailureTestExecutionListener@498578b7, org.springframework.boot.test.autoconfigure.web.servlet.WebDriverTestExecutionListener@735d784f, org.springframework.boot.test.autoconfigure.webservices.client.MockWebServiceServerTestExecutionListener@2d4985dc, org.springframework.boot.test.mock.mockito.ResetMocksTestExecutionListener@72ab8394]
18:49:22.531 [Test worker] DEBUG org.springframework.test.context.support.AbstractDirtiesContextTestExecutionListener - Before test class: context [DefaultTestContext@185d7ca0 testClass = MoviesInfoControllerTest, testInstance = [null], testMethod = [null], testException = [null], mergedContextConfiguration = [ReactiveWebMergedContextConfiguration@737b28b8 testClass = MoviesInfoControllerTest, locations = '{}', classes = '{class com.reactivespring.MoviesInfoServiceApplication}', contextInitializerClasses = '[]', activeProfiles = '{test}', propertySourceLocations = '{}', propertySourceProperties = '{org.springframework.boot.test.context.SpringBootTestContextBootstrapper=true, server.port=0}', contextCustomizers = set[org.springframework.boot.test.autoconfigure.actuate.metrics.MetricsExportContextCustomizerFactory$DisableMetricExportContextCustomizer@3e91f130, org.springframework.boot.test.autoconfigure.properties.PropertyMappingContextCustomizer@ec54a5c9, org.springframework.boot.test.autoconfigure.web.servlet.WebDriverContextCustomizerFactory$Customizer@69f549f8, [ImportsContextCustomizer@7ab715ed key = [org.springframework.boot.autoconfigure.security.oauth2.client.reactive.ReactiveOAuth2ClientAutoConfiguration, org.springframework.boot.autoconfigure.security.oauth2.resource.reactive.ReactiveOAuth2ResourceServerAutoConfiguration, org.springframework.boot.autoconfigure.security.reactive.ReactiveSecurityAutoConfiguration, org.springframework.boot.autoconfigure.security.reactive.ReactiveUserDetailsServiceAutoConfiguration, org.springframework.boot.test.autoconfigure.web.reactive.WebTestClientAutoConfiguration]], org.springframework.boot.test.context.filter.ExcludeFilterContextCustomizer@195c9e10, org.springframework.boot.test.json.DuplicateJsonObjectContextCustomizerFactory$DuplicateJsonObjectContextCustomizer@1d3fd848, org.springframework.boot.test.mock.mockito.MockitoContextCustomizer@0, org.springframework.boot.test.web.client.TestRestTemplateContextCustomizer@37b76805, org.springframework.boot.test.web.reactive.server.WebTestClientContextCustomizer@513934bc, org.springframework.boot.test.context.SpringBootTestArgs@1, org.springframework.boot.test.context.SpringBootTestWebEnvironment@79c7a598], contextLoader = 'org.springframework.boot.test.context.SpringBootContextLoader', parent = [null]], attributes = map['org.springframework.test.context.web.ServletTestExecutionListener.activateListener' -> false]], class annotated with @DirtiesContext [false] with mode [null].
18:49:22.547 [Test worker] DEBUG org.springframework.test.context.support.DependencyInjectionTestExecutionListener - Performing dependency injection for test context [[DefaultTestContext@185d7ca0 testClass = MoviesInfoControllerTest, testInstance = com.reactivespring.controller.MoviesInfoControllerTest@1b96e594, testMethod = [null], testException = [null], mergedContextConfiguration = [ReactiveWebMergedContextConfiguration@737b28b8 testClass = MoviesInfoControllerTest, locations = '{}', classes = '{class com.reactivespring.MoviesInfoServiceApplication}', contextInitializerClasses = '[]', activeProfiles = '{test}', propertySourceLocations = '{}', propertySourceProperties = '{org.springframework.boot.test.context.SpringBootTestContextBootstrapper=true, server.port=0}', contextCustomizers = set[org.springframework.boot.test.autoconfigure.actuate.metrics.MetricsExportContextCustomizerFactory$DisableMetricExportContextCustomizer@3e91f130, org.springframework.boot.test.autoconfigure.properties.PropertyMappingContextCustomizer@ec54a5c9, org.springframework.boot.test.autoconfigure.web.servlet.WebDriverContextCustomizerFactory$Customizer@69f549f8, [ImportsContextCustomizer@7ab715ed key = [org.springframework.boot.autoconfigure.security.oauth2.client.reactive.ReactiveOAuth2ClientAutoConfiguration, org.springframework.boot.autoconfigure.security.oauth2.resource.reactive.ReactiveOAuth2ResourceServerAutoConfiguration, org.springframework.boot.autoconfigure.security.reactive.ReactiveSecurityAutoConfiguration, org.springframework.boot.autoconfigure.security.reactive.ReactiveUserDetailsServiceAutoConfiguration, org.springframework.boot.test.autoconfigure.web.reactive.WebTestClientAutoConfiguration]], org.springframework.boot.test.context.filter.ExcludeFilterContextCustomizer@195c9e10, org.springframework.boot.test.json.DuplicateJsonObjectContextCustomizerFactory$DuplicateJsonObjectContextCustomizer@1d3fd848, org.springframework.boot.test.mock.mockito.MockitoContextCustomizer@0, org.springframework.boot.test.web.client.TestRestTemplateContextCustomizer@37b76805, org.springframework.boot.test.web.reactive.server.WebTestClientContextCustomizer@513934bc, org.springframework.boot.test.context.SpringBootTestArgs@1, org.springframework.boot.test.context.SpringBootTestWebEnvironment@79c7a598], contextLoader = 'org.springframework.boot.test.context.SpringBootContextLoader', parent = [null]], attributes = map['org.springframework.test.context.web.ServletTestExecutionListener.activateListener' -> false, 'org.springframework.test.context.event.ApplicationEventsTestExecutionListener.recordApplicationEvents' -> false]]].

  .   ____          _            __ _ _
 /\\ / ___'_ __ _ _(_)_ __  __ _ \ \ \ \
( ( )\___ | '_ | '_| | '_ \/ _` | \ \ \ \
 \\/  ___)| |_)| | | | | || (_| |  ) ) ) )
  '  |____| .__|_| |_|_| |_\__, | / / / /
 =========|_|==============|___/=/_/_/_/
 :: Spring Boot ::                (v2.6.3)

2022-02-06 18:49:23.074  INFO 7256 --- [    Test worker] c.r.controller.MoviesInfoControllerTest  : Starting MoviesInfoControllerTest using Java 11.0.14 on DESKTOP-BAPOS79 with PID 7256 (started by krsti in C:\Users\krsti\Desktop\reactive-spring-webflux\movies-info-service)
2022-02-06 18:49:23.076  INFO 7256 --- [    Test worker] c.r.controller.MoviesInfoControllerTest  : The following profiles are active: test
2022-02-06 18:49:24.103  INFO 7256 --- [    Test worker] .s.d.r.c.RepositoryConfigurationDelegate : Bootstrapping Spring Data Reactive MongoDB repositories in DEFAULT mode.
2022-02-06 18:49:24.345  INFO 7256 --- [    Test worker] .s.d.r.c.RepositoryConfigurationDelegate : Finished Spring Data repository scanning in 233 ms. Found 1 Reactive MongoDB repository interfaces.
2022-02-06 18:49:25.515  INFO 7256 --- [       Thread-5] o.s.b.a.mongo.embedded.EmbeddedMongo     : note: noprealloc may hurt performance in many applications
2022-02-06 18:49:25.636  INFO 7256 --- [       Thread-5] o.s.b.a.mongo.embedded.EmbeddedMongo     : 2022-02-06T18:49:25.635+0100 I CONTROL  [initandlisten] MongoDB starting : pid=16980 port=52237 dbpath=C:\Users\krsti\AppData\Local\Temp\embedmongo-db-09bb65fa-cd02-4e8f-8ff1-36b0cdd2a5c6 64-bit host=DESKTOP-BAPOS79
2022-02-06 18:49:25.636  INFO 7256 --- [       Thread-5] o.s.b.a.mongo.embedded.EmbeddedMongo     : 2022-02-06T18:49:25.637+0100 I CONTROL  [initandlisten] targetMinOS: Windows Vista/Windows Server 2008
2022-02-06 18:49:25.637  INFO 7256 --- [       Thread-5] o.s.b.a.mongo.embedded.EmbeddedMongo     : 2022-02-06T18:49:25.637+0100 I CONTROL  [initandlisten] db version v3.5.5
2022-02-06 18:49:25.637  INFO 7256 --- [       Thread-5] o.s.b.a.mongo.embedded.EmbeddedMongo     : 2022-02-06T18:49:25.637+0100 I CONTROL  [initandlisten] git version: 98515c812b6fa893613f063dae568ff8319cbfbd
2022-02-06 18:49:25.637  INFO 7256 --- [       Thread-5] o.s.b.a.mongo.embedded.EmbeddedMongo     : 2022-02-06T18:49:25.637+0100 I CONTROL  [initandlisten] allocator: tcmalloc
2022-02-06 18:49:25.637  INFO 7256 --- [       Thread-5] o.s.b.a.mongo.embedded.EmbeddedMongo     : 2022-02-06T18:49:25.637+0100 I CONTROL  [initandlisten] modules: none
2022-02-06 18:49:25.637  INFO 7256 --- [       Thread-5] o.s.b.a.mongo.embedded.EmbeddedMongo     : 2022-02-06T18:49:25.637+0100 I CONTROL  [initandlisten] build environment:
2022-02-06 18:49:25.637  INFO 7256 --- [       Thread-5] o.s.b.a.mongo.embedded.EmbeddedMongo     : 2022-02-06T18:49:25.637+0100 I CONTROL  [initandlisten]     distarch: x86_64
2022-02-06 18:49:25.638  INFO 7256 --- [       Thread-5] o.s.b.a.mongo.embedded.EmbeddedMongo     : 2022-02-06T18:49:25.637+0100 I CONTROL  [initandlisten]     target_arch: x86_64
2022-02-06 18:49:25.638  INFO 7256 --- [       Thread-5] o.s.b.a.mongo.embedded.EmbeddedMongo     : 2022-02-06T18:49:25.638+0100 I CONTROL  [initandlisten] options: { net: { bindIp: "127.0.0.1", http: { enabled: false }, port: 52237 }, security: { authorization: "disabled" }, storage: { dbPath: "C:\Users\krsti\AppData\Local\Temp\embedmongo-db-09bb65fa-cd02-4e8f-8ff1-36b0cdd2a5c6", journal: { enabled: false }, mmapv1: { preallocDataFiles: false, smallFiles: true }, syncPeriodSecs: 0.0 } }
2022-02-06 18:49:25.639  INFO 7256 --- [       Thread-5] o.s.b.a.mongo.embedded.EmbeddedMongo     : 2022-02-06T18:49:25.640+0100 I STORAGE  [initandlisten] wiredtiger_open config: create,cache_size=3521M,session_max=20000,eviction=(threads_min=4,threads_max=4),config_base=false,statistics=(fast),log=(enabled=true,archive=true,path=journal,compressor=snappy),file_manager=(close_idle_time=100000),checkpoint=(wait=0,log_size=2GB),statistics_log=(wait=0),verbose=(recovery_progress),,log=(enabled=false),
2022-02-06 18:49:25.771  INFO 7256 --- [       Thread-5] o.s.b.a.mongo.embedded.EmbeddedMongo     : 2022-02-06T18:49:25.772+0100 W STORAGE  [initandlisten] Detected configuration for non-active storage engine mmapv1 when current storage engine is wiredTiger
2022-02-06 18:49:25.772  INFO 7256 --- [       Thread-5] o.s.b.a.mongo.embedded.EmbeddedMongo     : 2022-02-06T18:49:25.772+0100 I CONTROL  [initandlisten] 
2022-02-06 18:49:25.772  INFO 7256 --- [       Thread-5] o.s.b.a.mongo.embedded.EmbeddedMongo     : 2022-02-06T18:49:25.772+0100 I CONTROL  [initandlisten] ** NOTE: This is a development version (3.5.5) of MongoDB.
2022-02-06 18:49:25.772  INFO 7256 --- [       Thread-5] o.s.b.a.mongo.embedded.EmbeddedMongo     : 2022-02-06T18:49:25.772+0100 I CONTROL  [initandlisten] **       Not recommended for production.
2022-02-06 18:49:25.772  INFO 7256 --- [       Thread-5] o.s.b.a.mongo.embedded.EmbeddedMongo     : 2022-02-06T18:49:25.772+0100 I CONTROL  [initandlisten] 
2022-02-06 18:49:26.039  INFO 7256 --- [       Thread-5] o.s.b.a.mongo.embedded.EmbeddedMongo     : 2022-02-06T18:49:26.039+0100 I FTDC     [initandlisten] Initializing full-time diagnostic data capture with directory 'C:/Users/krsti/AppData/Local/Temp/embedmongo-db-09bb65fa-cd02-4e8f-8ff1-36b0cdd2a5c6/diagnostic.data'
2022-02-06 18:49:26.087  INFO 7256 --- [       Thread-5] o.s.b.a.mongo.embedded.EmbeddedMongo     : 2022-02-06T18:49:26.087+0100 I INDEX    [initandlisten] build index on: admin.system.version properties: { v: 2, key: { version: 1 }, name: "incompatible_with_version_32", ns: "admin.system.version" }
2022-02-06 18:49:26.087  INFO 7256 --- [       Thread-5] o.s.b.a.mongo.embedded.EmbeddedMongo     : 2022-02-06T18:49:26.087+0100 I INDEX    [initandlisten] 	 building index using bulk method; build may temporarily use up to 500 megabytes of RAM
2022-02-06 18:49:26.090  INFO 7256 --- [       Thread-5] o.s.b.a.mongo.embedded.EmbeddedMongo     : 2022-02-06T18:49:26.091+0100 I INDEX    [initandlisten] build index done.  scanned 0 total records. 0 secs
2022-02-06 18:49:26.092  INFO 7256 --- [       Thread-5] o.s.b.a.mongo.embedded.EmbeddedMongo     : 2022-02-06T18:49:26.093+0100 I COMMAND  [initandlisten] setting featureCompatibilityVersion to 3.4
2022-02-06 18:49:26.094  INFO 7256 --- [       Thread-5] o.s.b.a.mongo.embedded.EmbeddedMongo     : 2022-02-06T18:49:26.095+0100 I NETWORK  [thread1] waiting for connections on port 52237
2022-02-06 18:49:26.095  INFO 7256 --- [    Test worker] d.f.embed.mongo.MongodExecutable         : start MongodConfig{version=Version{3.5.5}, timeout=de.flapdoodle.embed.mongo.config.Timeout@3629cd4, net=de.flapdoodle.embed.mongo.config.Net@4041c4a1, cmdOptions=MongoCmdOptions{syncDelay=0, useDefaultSyncDelay=false, isVerbose=false, useNoPrealloc=true, useSmallFiles=true, useNoJournal=true, enableTextSearch=false, auth=false, master=false}, password=, userName=, replication=de.flapdoodle.embed.mongo.config.Storage@149c60d5, isConfigServer=false, isShardServer=false, processListener=de.flapdoodle.embed.mongo.config.processlistener.NoopProcessListener@3519118d, params={}, args={}, pidFile=mongod.pid, supportConfig=de.flapdoodle.embed.mongo.config.SupportConfig@228aafc6}
2022-02-06 18:49:26.291  INFO 7256 --- [    Test worker] org.mongodb.driver.cluster               : Cluster created with settings {hosts=[localhost:52237], mode=SINGLE, requiredClusterType=UNKNOWN, serverSelectionTimeout='30000 ms'}
2022-02-06 18:49:27.084  INFO 7256 --- [       Thread-5] o.s.b.a.mongo.embedded.EmbeddedMongo     : 2022-02-06T18:49:27.084+0100 I NETWORK  [thread1] connection accepted from 127.0.0.1:52279 #1 (1 connection now open)
2022-02-06 18:49:27.084  INFO 7256 --- [       Thread-5] o.s.b.a.mongo.embedded.EmbeddedMongo     : 2022-02-06T18:49:27.084+0100 I NETWORK  [thread1] connection accepted from 127.0.0.1:52278 #2 (2 connections now open)
2022-02-06 18:49:27.163  INFO 7256 --- [       Thread-5] o.s.b.a.mongo.embedded.EmbeddedMongo     : 2022-02-06T18:49:27.163+0100 I NETWORK  [conn1] received client metadata from 127.0.0.1:52279 conn1: { driver: { name: "mongo-java-driver|reactive-streams|spring-boot", version: "4.4.1" }, os: { type: "Windows", name: "Windows 10", architecture: "amd64", version: "10.0" }, platform: "Java/Amazon.com Inc./11.0.14+9-LTS" }
2022-02-06 18:49:27.163  INFO 7256 --- [       Thread-5] o.s.b.a.mongo.embedded.EmbeddedMongo     : 2022-02-06T18:49:27.163+0100 I NETWORK  [conn2] received client metadata from 127.0.0.1:52278 conn2: { driver: { name: "mongo-java-driver|reactive-streams|spring-boot", version: "4.4.1" }, os: { type: "Windows", name: "Windows 10", architecture: "amd64", version: "10.0" }, platform: "Java/Amazon.com Inc./11.0.14+9-LTS" }
2022-02-06 18:49:27.209  INFO 7256 --- [localhost:52237] org.mongodb.driver.connection            : Opened connection [connectionId{localValue:2, serverValue:1}] to localhost:52237
2022-02-06 18:49:27.209  INFO 7256 --- [localhost:52237] org.mongodb.driver.connection            : Opened connection [connectionId{localValue:1, serverValue:2}] to localhost:52237
2022-02-06 18:49:27.209  INFO 7256 --- [localhost:52237] org.mongodb.driver.cluster               : Monitor thread successfully connected to server with description ServerDescription{address=localhost:52237, type=STANDALONE, state=CONNECTED, ok=true, minWireVersion=0, maxWireVersion=5, maxDocumentSize=16777216, logicalSessionTimeoutMinutes=null, roundTripTimeNanos=116311800}
2022-02-06 18:49:27.855  INFO 7256 --- [    Test worker] o.s.b.web.embedded.netty.NettyWebServer  : Netty started on port 52298
2022-02-06 18:49:27.869  INFO 7256 --- [    Test worker] c.r.controller.MoviesInfoControllerTest  : Started MoviesInfoControllerTest in 5.286 seconds (JVM running for 7.5)
2022-02-06 18:49:28.595  INFO 7256 --- [       Thread-5] o.s.b.a.mongo.embedded.EmbeddedMongo     : 2022-02-06T18:49:28.596+0100 I NETWORK  [thread1] connection accepted from 127.0.0.1:52299 #3 (3 connections now open)
2022-02-06 18:49:28.596  INFO 7256 --- [       Thread-5] o.s.b.a.mongo.embedded.EmbeddedMongo     : 2022-02-06T18:49:28.597+0100 I NETWORK  [thread1] connection accepted from 127.0.0.1:52300 #4 (4 connections now open)
2022-02-06 18:49:28.608  INFO 7256 --- [       Thread-5] o.s.b.a.mongo.embedded.EmbeddedMongo     : 2022-02-06T18:49:28.608+0100 I NETWORK  [conn4] received client metadata from 127.0.0.1:52300 conn4: { driver: { name: "mongo-java-driver|reactive-streams|spring-boot", version: "4.4.1" }, os: { type: "Windows", name: "Windows 10", architecture: "amd64", version: "10.0" }, platform: "Java/Amazon.com Inc./11.0.14+9-LTS" }
2022-02-06 18:49:28.608  INFO 7256 --- [       Thread-5] o.s.b.a.mongo.embedded.EmbeddedMongo     : 2022-02-06T18:49:28.608+0100 I NETWORK  [conn3] received client metadata from 127.0.0.1:52299 conn3: { driver: { name: "mongo-java-driver|reactive-streams|spring-boot", version: "4.4.1" }, os: { type: "Windows", name: "Windows 10", architecture: "amd64", version: "10.0" }, platform: "Java/Amazon.com Inc./11.0.14+9-LTS" }
2022-02-06 18:49:28.615  INFO 7256 --- [ntLoopGroup-3-4] org.mongodb.driver.connection            : Opened connection [connectionId{localValue:4, serverValue:4}] to localhost:52237
2022-02-06 18:49:28.617  INFO 7256 --- [ntLoopGroup-3-3] org.mongodb.driver.connection            : Opened connection [connectionId{localValue:3, serverValue:3}] to localhost:52237
2022-02-06 18:49:28.622  INFO 7256 --- [       Thread-5] o.s.b.a.mongo.embedded.EmbeddedMongo     : 2022-02-06T18:49:28.623+0100 I NETWORK  [thread1] connection accepted from 127.0.0.1:52301 #5 (5 connections now open)
2022-02-06 18:49:28.624  INFO 7256 --- [       Thread-5] o.s.b.a.mongo.embedded.EmbeddedMongo     : 2022-02-06T18:49:28.625+0100 I NETWORK  [conn5] received client metadata from 127.0.0.1:52301 conn5: { driver: { name: "mongo-java-driver|reactive-streams|spring-boot", version: "4.4.1" }, os: { type: "Windows", name: "Windows 10", architecture: "amd64", version: "10.0" }, platform: "Java/Amazon.com Inc./11.0.14+9-LTS" }
2022-02-06 18:49:28.627  INFO 7256 --- [ntLoopGroup-3-5] org.mongodb.driver.connection            : Opened connection [connectionId{localValue:5, serverValue:5}] to localhost:52237
]]></system-out>
  <system-err><![CDATA[]]></system-err>
</testsuite>
