<?xml version="1.0" encoding="UTF-8"?>
<testsuite name="com.reactivespring.repository.MovieInfoRepositoryIntgTest" tests="1" skipped="0" failures="0" errors="0" timestamp="2022-02-06T10:53:32" hostname="DESKTOP-BAPOS79" time="0.802">
  <properties/>
  <testcase name="deleteMovieInfo()" classname="com.reactivespring.repository.MovieInfoRepositoryIntgTest" time="0.802"/>
  <system-out><![CDATA[11:53:29.744 [Test worker] DEBUG org.springframework.test.context.BootstrapUtils - Instantiating CacheAwareContextLoaderDelegate from class [org.springframework.test.context.cache.DefaultCacheAwareContextLoaderDelegate]
11:53:29.756 [Test worker] DEBUG org.springframework.test.context.BootstrapUtils - Instantiating BootstrapContext using constructor [public org.springframework.test.context.support.DefaultBootstrapContext(java.lang.Class,org.springframework.test.context.CacheAwareContextLoaderDelegate)]
11:53:29.800 [Test worker] DEBUG org.springframework.test.context.BootstrapUtils - Instantiating TestContextBootstrapper for test class [com.reactivespring.repository.MovieInfoRepositoryIntgTest] from class [org.springframework.boot.test.autoconfigure.data.mongo.DataMongoTestContextBootstrapper]
11:53:29.813 [Test worker] INFO org.springframework.boot.test.autoconfigure.data.mongo.DataMongoTestContextBootstrapper - Neither @ContextConfiguration nor @ContextHierarchy found for test class [com.reactivespring.repository.MovieInfoRepositoryIntgTest], using SpringBootContextLoader
11:53:29.818 [Test worker] DEBUG org.springframework.test.context.support.AbstractContextLoader - Did not detect default resource location for test class [com.reactivespring.repository.MovieInfoRepositoryIntgTest]: class path resource [com/reactivespring/repository/MovieInfoRepositoryIntgTest-context.xml] does not exist
11:53:29.819 [Test worker] DEBUG org.springframework.test.context.support.AbstractContextLoader - Did not detect default resource location for test class [com.reactivespring.repository.MovieInfoRepositoryIntgTest]: class path resource [com/reactivespring/repository/MovieInfoRepositoryIntgTestContext.groovy] does not exist
11:53:29.819 [Test worker] INFO org.springframework.test.context.support.AbstractContextLoader - Could not detect default resource locations for test class [com.reactivespring.repository.MovieInfoRepositoryIntgTest]: no resource found for suffixes {-context.xml, Context.groovy}.
11:53:29.822 [Test worker] INFO org.springframework.test.context.support.AnnotationConfigContextLoaderUtils - Could not detect default configuration classes for test class [com.reactivespring.repository.MovieInfoRepositoryIntgTest]: MovieInfoRepositoryIntgTest does not declare any static, non-private, non-final, nested classes annotated with @Configuration.
11:53:29.969 [Test worker] DEBUG org.springframework.context.annotation.ClassPathScanningCandidateComponentProvider - Identified candidate component class: file [C:\Users\krsti\Desktop\reactive-spring-webflux\movies-info-service\build\classes\java\main\com\reactivespring\MoviesInfoServiceApplication.class]
11:53:29.970 [Test worker] INFO org.springframework.boot.test.context.SpringBootTestContextBootstrapper - Found @SpringBootConfiguration com.reactivespring.MoviesInfoServiceApplication for test class com.reactivespring.repository.MovieInfoRepositoryIntgTest
11:53:29.973 [Test worker] DEBUG org.springframework.boot.test.autoconfigure.data.mongo.DataMongoTestContextBootstrapper - @TestExecutionListeners is not present for class [com.reactivespring.repository.MovieInfoRepositoryIntgTest]: using defaults.
11:53:29.974 [Test worker] INFO org.springframework.boot.test.autoconfigure.data.mongo.DataMongoTestContextBootstrapper - Loaded default TestExecutionListener class names from location [META-INF/spring.factories]: [org.springframework.boot.test.autoconfigure.restdocs.RestDocsTestExecutionListener, org.springframework.boot.test.autoconfigure.web.client.MockRestServiceServerResetTestExecutionListener, org.springframework.boot.test.autoconfigure.web.servlet.MockMvcPrintOnlyOnFailureTestExecutionListener, org.springframework.boot.test.autoconfigure.web.servlet.WebDriverTestExecutionListener, org.springframework.boot.test.autoconfigure.webservices.client.MockWebServiceServerTestExecutionListener, org.springframework.boot.test.mock.mockito.MockitoTestExecutionListener, org.springframework.boot.test.mock.mockito.ResetMocksTestExecutionListener, org.springframework.test.context.web.ServletTestExecutionListener, org.springframework.test.context.support.DirtiesContextBeforeModesTestExecutionListener, org.springframework.test.context.event.ApplicationEventsTestExecutionListener, org.springframework.test.context.support.DependencyInjectionTestExecutionListener, org.springframework.test.context.support.DirtiesContextTestExecutionListener, org.springframework.test.context.transaction.TransactionalTestExecutionListener, org.springframework.test.context.jdbc.SqlScriptsTestExecutionListener, org.springframework.test.context.event.EventPublishingTestExecutionListener]
11:53:29.983 [Test worker] DEBUG org.springframework.boot.test.autoconfigure.data.mongo.DataMongoTestContextBootstrapper - Skipping candidate TestExecutionListener [org.springframework.test.context.web.ServletTestExecutionListener] due to a missing dependency. Specify custom listener classes or make the default listener classes and their required dependencies available. Offending class: [javax/servlet/ServletContext]
11:53:29.994 [Test worker] INFO org.springframework.boot.test.autoconfigure.data.mongo.DataMongoTestContextBootstrapper - Using TestExecutionListeners: [org.springframework.test.context.support.DirtiesContextBeforeModesTestExecutionListener@33e5c6e9, org.springframework.test.context.event.ApplicationEventsTestExecutionListener@45f955d, org.springframework.boot.test.mock.mockito.MockitoTestExecutionListener@3ed3caa9, org.springframework.boot.test.autoconfigure.SpringBootDependencyInjectionTestExecutionListener@6072effe, org.springframework.test.context.support.DirtiesContextTestExecutionListener@7d3dbf97, org.springframework.test.context.transaction.TransactionalTestExecutionListener@5b02810, org.springframework.test.context.jdbc.SqlScriptsTestExecutionListener@25963c8d, org.springframework.test.context.event.EventPublishingTestExecutionListener@526c2ade, org.springframework.boot.test.autoconfigure.restdocs.RestDocsTestExecutionListener@42bdf603, org.springframework.boot.test.autoconfigure.web.client.MockRestServiceServerResetTestExecutionListener@4649b6ec, org.springframework.boot.test.autoconfigure.web.servlet.MockMvcPrintOnlyOnFailureTestExecutionListener@52af88fc, org.springframework.boot.test.autoconfigure.web.servlet.WebDriverTestExecutionListener@612662ad, org.springframework.boot.test.autoconfigure.webservices.client.MockWebServiceServerTestExecutionListener@4c069d64, org.springframework.boot.test.mock.mockito.ResetMocksTestExecutionListener@4773acde]
11:53:29.997 [Test worker] DEBUG org.springframework.test.context.support.AbstractDirtiesContextTestExecutionListener - Before test class: context [DefaultTestContext@7e73a3fc testClass = MovieInfoRepositoryIntgTest, testInstance = [null], testMethod = [null], testException = [null], mergedContextConfiguration = [MergedContextConfiguration@21224850 testClass = MovieInfoRepositoryIntgTest, locations = '{}', classes = '{class com.reactivespring.MoviesInfoServiceApplication}', contextInitializerClasses = '[]', activeProfiles = '{test}', propertySourceLocations = '{}', propertySourceProperties = '{org.springframework.boot.test.autoconfigure.data.mongo.DataMongoTestContextBootstrapper=true}', contextCustomizers = set[org.springframework.boot.test.autoconfigure.OverrideAutoConfigurationContextCustomizerFactory$DisableAutoConfigurationContextCustomizer@204fb43d, org.springframework.boot.test.autoconfigure.actuate.metrics.MetricsExportContextCustomizerFactory$DisableMetricExportContextCustomizer@cee3cb5, org.springframework.boot.test.autoconfigure.filter.TypeExcludeFiltersContextCustomizer@351584c0, org.springframework.boot.test.autoconfigure.properties.PropertyMappingContextCustomizer@c85ac76a, org.springframework.boot.test.autoconfigure.web.servlet.WebDriverContextCustomizerFactory$Customizer@3823ab7, [ImportsContextCustomizer@113aa33e key = [org.springframework.boot.autoconfigure.cache.CacheAutoConfiguration, org.springframework.boot.autoconfigure.data.mongo.MongoDataAutoConfiguration, org.springframework.boot.autoconfigure.data.mongo.MongoReactiveDataAutoConfiguration, org.springframework.boot.autoconfigure.data.mongo.MongoReactiveRepositoriesAutoConfiguration, org.springframework.boot.autoconfigure.data.mongo.MongoRepositoriesAutoConfiguration, org.springframework.boot.autoconfigure.mongo.MongoAutoConfiguration, org.springframework.boot.autoconfigure.mongo.MongoReactiveAutoConfiguration, org.springframework.boot.autoconfigure.mongo.embedded.EmbeddedMongoAutoConfiguration, org.springframework.boot.autoconfigure.transaction.TransactionAutoConfiguration]], org.springframework.boot.test.context.filter.ExcludeFilterContextCustomizer@3a4c2fcb, org.springframework.boot.test.json.DuplicateJsonObjectContextCustomizerFactory$DuplicateJsonObjectContextCustomizer@73e507c3, org.springframework.boot.test.mock.mockito.MockitoContextCustomizer@0, org.springframework.boot.test.context.SpringBootTestArgs@1, org.springframework.boot.test.context.SpringBootTestWebEnvironment@0], contextLoader = 'org.springframework.boot.test.context.SpringBootContextLoader', parent = [null]], attributes = map[[empty]]], class annotated with @DirtiesContext [false] with mode [null].
11:53:30.011 [Test worker] DEBUG org.springframework.test.context.support.DependencyInjectionTestExecutionListener - Performing dependency injection for test context [[DefaultTestContext@7e73a3fc testClass = MovieInfoRepositoryIntgTest, testInstance = com.reactivespring.repository.MovieInfoRepositoryIntgTest@2669393e, testMethod = [null], testException = [null], mergedContextConfiguration = [MergedContextConfiguration@21224850 testClass = MovieInfoRepositoryIntgTest, locations = '{}', classes = '{class com.reactivespring.MoviesInfoServiceApplication}', contextInitializerClasses = '[]', activeProfiles = '{test}', propertySourceLocations = '{}', propertySourceProperties = '{org.springframework.boot.test.autoconfigure.data.mongo.DataMongoTestContextBootstrapper=true}', contextCustomizers = set[org.springframework.boot.test.autoconfigure.OverrideAutoConfigurationContextCustomizerFactory$DisableAutoConfigurationContextCustomizer@204fb43d, org.springframework.boot.test.autoconfigure.actuate.metrics.MetricsExportContextCustomizerFactory$DisableMetricExportContextCustomizer@cee3cb5, org.springframework.boot.test.autoconfigure.filter.TypeExcludeFiltersContextCustomizer@351584c0, org.springframework.boot.test.autoconfigure.properties.PropertyMappingContextCustomizer@c85ac76a, org.springframework.boot.test.autoconfigure.web.servlet.WebDriverContextCustomizerFactory$Customizer@3823ab7, [ImportsContextCustomizer@113aa33e key = [org.springframework.boot.autoconfigure.cache.CacheAutoConfiguration, org.springframework.boot.autoconfigure.data.mongo.MongoDataAutoConfiguration, org.springframework.boot.autoconfigure.data.mongo.MongoReactiveDataAutoConfiguration, org.springframework.boot.autoconfigure.data.mongo.MongoReactiveRepositoriesAutoConfiguration, org.springframework.boot.autoconfigure.data.mongo.MongoRepositoriesAutoConfiguration, org.springframework.boot.autoconfigure.mongo.MongoAutoConfiguration, org.springframework.boot.autoconfigure.mongo.MongoReactiveAutoConfiguration, org.springframework.boot.autoconfigure.mongo.embedded.EmbeddedMongoAutoConfiguration, org.springframework.boot.autoconfigure.transaction.TransactionAutoConfiguration]], org.springframework.boot.test.context.filter.ExcludeFilterContextCustomizer@3a4c2fcb, org.springframework.boot.test.json.DuplicateJsonObjectContextCustomizerFactory$DuplicateJsonObjectContextCustomizer@73e507c3, org.springframework.boot.test.mock.mockito.MockitoContextCustomizer@0, org.springframework.boot.test.context.SpringBootTestArgs@1, org.springframework.boot.test.context.SpringBootTestWebEnvironment@0], contextLoader = 'org.springframework.boot.test.context.SpringBootContextLoader', parent = [null]], attributes = map['org.springframework.test.context.event.ApplicationEventsTestExecutionListener.recordApplicationEvents' -> false]]].

  .   ____          _            __ _ _
 /\\ / ___'_ __ _ _(_)_ __  __ _ \ \ \ \
( ( )\___ | '_ | '_| | '_ \/ _` | \ \ \ \
 \\/  ___)| |_)| | | | | || (_| |  ) ) ) )
  '  |____| .__|_| |_|_| |_\__, | / / / /
 =========|_|==============|___/=/_/_/_/
 :: Spring Boot ::                (v2.6.3)

2022-02-06 11:53:30.542  INFO 12328 --- [    Test worker] c.r.r.MovieInfoRepositoryIntgTest        : Starting MovieInfoRepositoryIntgTest using Java 11.0.14 on DESKTOP-BAPOS79 with PID 12328 (started by krsti in C:\Users\krsti\Desktop\reactive-spring-webflux\movies-info-service)
2022-02-06 11:53:30.543  INFO 12328 --- [    Test worker] c.r.r.MovieInfoRepositoryIntgTest        : The following profiles are active: test
2022-02-06 11:53:30.939  INFO 12328 --- [    Test worker] .s.d.r.c.RepositoryConfigurationDelegate : Bootstrapping Spring Data Reactive MongoDB repositories in DEFAULT mode.
2022-02-06 11:53:31.187  INFO 12328 --- [    Test worker] .s.d.r.c.RepositoryConfigurationDelegate : Finished Spring Data repository scanning in 243 ms. Found 1 Reactive MongoDB repository interfaces.
2022-02-06 11:53:31.804  INFO 12328 --- [       Thread-4] o.s.b.a.mongo.embedded.EmbeddedMongo     : note: noprealloc may hurt performance in many applications
2022-02-06 11:53:31.855  INFO 12328 --- [       Thread-4] o.s.b.a.mongo.embedded.EmbeddedMongo     : 2022-02-06T11:53:31.855+0100 I CONTROL  [initandlisten] MongoDB starting : pid=16644 port=56951 dbpath=C:\Users\krsti\AppData\Local\Temp\embedmongo-db-9651a819-2604-4f28-bfa2-c6e1c46f2251 64-bit host=DESKTOP-BAPOS79
2022-02-06 11:53:31.856  INFO 12328 --- [       Thread-4] o.s.b.a.mongo.embedded.EmbeddedMongo     : 2022-02-06T11:53:31.856+0100 I CONTROL  [initandlisten] targetMinOS: Windows Vista/Windows Server 2008
2022-02-06 11:53:31.856  INFO 12328 --- [       Thread-4] o.s.b.a.mongo.embedded.EmbeddedMongo     : 2022-02-06T11:53:31.856+0100 I CONTROL  [initandlisten] db version v3.5.5
2022-02-06 11:53:31.856  INFO 12328 --- [       Thread-4] o.s.b.a.mongo.embedded.EmbeddedMongo     : 2022-02-06T11:53:31.856+0100 I CONTROL  [initandlisten] git version: 98515c812b6fa893613f063dae568ff8319cbfbd
2022-02-06 11:53:31.856  INFO 12328 --- [       Thread-4] o.s.b.a.mongo.embedded.EmbeddedMongo     : 2022-02-06T11:53:31.856+0100 I CONTROL  [initandlisten] allocator: tcmalloc
2022-02-06 11:53:31.856  INFO 12328 --- [       Thread-4] o.s.b.a.mongo.embedded.EmbeddedMongo     : 2022-02-06T11:53:31.856+0100 I CONTROL  [initandlisten] modules: none
2022-02-06 11:53:31.856  INFO 12328 --- [       Thread-4] o.s.b.a.mongo.embedded.EmbeddedMongo     : 2022-02-06T11:53:31.856+0100 I CONTROL  [initandlisten] build environment:
2022-02-06 11:53:31.856  INFO 12328 --- [       Thread-4] o.s.b.a.mongo.embedded.EmbeddedMongo     : 2022-02-06T11:53:31.856+0100 I CONTROL  [initandlisten]     distarch: x86_64
2022-02-06 11:53:31.856  INFO 12328 --- [       Thread-4] o.s.b.a.mongo.embedded.EmbeddedMongo     : 2022-02-06T11:53:31.856+0100 I CONTROL  [initandlisten]     target_arch: x86_64
2022-02-06 11:53:31.857  INFO 12328 --- [       Thread-4] o.s.b.a.mongo.embedded.EmbeddedMongo     : 2022-02-06T11:53:31.856+0100 I CONTROL  [initandlisten] options: { net: { bindIp: "127.0.0.1", http: { enabled: false }, port: 56951 }, security: { authorization: "disabled" }, storage: { dbPath: "C:\Users\krsti\AppData\Local\Temp\embedmongo-db-9651a819-2604-4f28-bfa2-c6e1c46f2251", journal: { enabled: false }, mmapv1: { preallocDataFiles: false, smallFiles: true }, syncPeriodSecs: 0.0 } }
2022-02-06 11:53:31.857  INFO 12328 --- [       Thread-4] o.s.b.a.mongo.embedded.EmbeddedMongo     : 2022-02-06T11:53:31.856+0100 I STORAGE  [initandlisten] wiredtiger_open config: create,cache_size=3521M,session_max=20000,eviction=(threads_min=4,threads_max=4),config_base=false,statistics=(fast),log=(enabled=true,archive=true,path=journal,compressor=snappy),file_manager=(close_idle_time=100000),checkpoint=(wait=0,log_size=2GB),statistics_log=(wait=0),verbose=(recovery_progress),,log=(enabled=false),
2022-02-06 11:53:31.942  INFO 12328 --- [       Thread-4] o.s.b.a.mongo.embedded.EmbeddedMongo     : 2022-02-06T11:53:31.943+0100 W STORAGE  [initandlisten] Detected configuration for non-active storage engine mmapv1 when current storage engine is wiredTiger
2022-02-06 11:53:31.942  INFO 12328 --- [       Thread-4] o.s.b.a.mongo.embedded.EmbeddedMongo     : 2022-02-06T11:53:31.943+0100 I CONTROL  [initandlisten] 
2022-02-06 11:53:31.943  INFO 12328 --- [       Thread-4] o.s.b.a.mongo.embedded.EmbeddedMongo     : 2022-02-06T11:53:31.943+0100 I CONTROL  [initandlisten] ** NOTE: This is a development version (3.5.5) of MongoDB.
2022-02-06 11:53:31.943  INFO 12328 --- [       Thread-4] o.s.b.a.mongo.embedded.EmbeddedMongo     : 2022-02-06T11:53:31.943+0100 I CONTROL  [initandlisten] **       Not recommended for production.
2022-02-06 11:53:31.943  INFO 12328 --- [       Thread-4] o.s.b.a.mongo.embedded.EmbeddedMongo     : 2022-02-06T11:53:31.943+0100 I CONTROL  [initandlisten] 
2022-02-06 11:53:32.169  INFO 12328 --- [       Thread-4] o.s.b.a.mongo.embedded.EmbeddedMongo     : 2022-02-06T11:53:32.169+0100 I FTDC     [initandlisten] Initializing full-time diagnostic data capture with directory 'C:/Users/krsti/AppData/Local/Temp/embedmongo-db-9651a819-2604-4f28-bfa2-c6e1c46f2251/diagnostic.data'
2022-02-06 11:53:32.219  INFO 12328 --- [       Thread-4] o.s.b.a.mongo.embedded.EmbeddedMongo     : 2022-02-06T11:53:32.219+0100 I INDEX    [initandlisten] build index on: admin.system.version properties: { v: 2, key: { version: 1 }, name: "incompatible_with_version_32", ns: "admin.system.version" }
2022-02-06 11:53:32.219  INFO 12328 --- [       Thread-4] o.s.b.a.mongo.embedded.EmbeddedMongo     : 2022-02-06T11:53:32.219+0100 I INDEX    [initandlisten] 	 building index using bulk method; build may temporarily use up to 500 megabytes of RAM
2022-02-06 11:53:32.227  INFO 12328 --- [       Thread-4] o.s.b.a.mongo.embedded.EmbeddedMongo     : 2022-02-06T11:53:32.227+0100 I INDEX    [initandlisten] build index done.  scanned 0 total records. 0 secs
2022-02-06 11:53:32.228  INFO 12328 --- [       Thread-4] o.s.b.a.mongo.embedded.EmbeddedMongo     : 2022-02-06T11:53:32.228+0100 I COMMAND  [initandlisten] setting featureCompatibilityVersion to 3.4
2022-02-06 11:53:32.230  INFO 12328 --- [       Thread-4] o.s.b.a.mongo.embedded.EmbeddedMongo     : 2022-02-06T11:53:32.230+0100 I NETWORK  [thread1] waiting for connections on port 56951
2022-02-06 11:53:32.230  INFO 12328 --- [    Test worker] d.f.embed.mongo.MongodExecutable         : start MongodConfig{version=Version{3.5.5}, timeout=de.flapdoodle.embed.mongo.config.Timeout@7eea427, net=de.flapdoodle.embed.mongo.config.Net@235a6fd3, cmdOptions=MongoCmdOptions{syncDelay=0, useDefaultSyncDelay=false, isVerbose=false, useNoPrealloc=true, useSmallFiles=true, useNoJournal=true, enableTextSearch=false, auth=false, master=false}, password=, userName=, replication=de.flapdoodle.embed.mongo.config.Storage@d70df68, isConfigServer=false, isShardServer=false, processListener=de.flapdoodle.embed.mongo.config.processlistener.NoopProcessListener@3b7c665b, params={}, args={}, pidFile=mongod.pid, supportConfig=de.flapdoodle.embed.mongo.config.SupportConfig@4941228f}
2022-02-06 11:53:32.365  INFO 12328 --- [    Test worker] org.mongodb.driver.cluster               : Cluster created with settings {hosts=[localhost:56951], mode=SINGLE, requiredClusterType=UNKNOWN, serverSelectionTimeout='30000 ms'}
2022-02-06 11:53:32.888  INFO 12328 --- [    Test worker] c.r.r.MovieInfoRepositoryIntgTest        : Started MovieInfoRepositoryIntgTest in 2.84 seconds (JVM running for 4.375)
2022-02-06 11:53:32.932  INFO 12328 --- [       Thread-4] o.s.b.a.mongo.embedded.EmbeddedMongo     : 2022-02-06T11:53:32.933+0100 I NETWORK  [thread1] connection accepted from 127.0.0.1:56994 #1 (1 connection now open)
2022-02-06 11:53:32.933  INFO 12328 --- [       Thread-4] o.s.b.a.mongo.embedded.EmbeddedMongo     : 2022-02-06T11:53:32.934+0100 I NETWORK  [thread1] connection accepted from 127.0.0.1:56993 #2 (2 connections now open)
2022-02-06 11:53:32.987  INFO 12328 --- [       Thread-4] o.s.b.a.mongo.embedded.EmbeddedMongo     : 2022-02-06T11:53:32.987+0100 I NETWORK  [conn2] received client metadata from 127.0.0.1:56993 conn2: { driver: { name: "mongo-java-driver|reactive-streams|spring-boot", version: "4.4.1" }, os: { type: "Windows", name: "Windows 10", architecture: "amd64", version: "10.0" }, platform: "Java/Amazon.com Inc./11.0.14+9-LTS" }
2022-02-06 11:53:32.987  INFO 12328 --- [       Thread-4] o.s.b.a.mongo.embedded.EmbeddedMongo     : 2022-02-06T11:53:32.987+0100 I NETWORK  [conn1] received client metadata from 127.0.0.1:56994 conn1: { driver: { name: "mongo-java-driver|reactive-streams|spring-boot", version: "4.4.1" }, os: { type: "Windows", name: "Windows 10", architecture: "amd64", version: "10.0" }, platform: "Java/Amazon.com Inc./11.0.14+9-LTS" }
2022-02-06 11:53:33.021  INFO 12328 --- [localhost:56951] org.mongodb.driver.connection            : Opened connection [connectionId{localValue:1, serverValue:1}] to localhost:56951
2022-02-06 11:53:33.022  INFO 12328 --- [localhost:56951] org.mongodb.driver.cluster               : Monitor thread successfully connected to server with description ServerDescription{address=localhost:56951, type=STANDALONE, state=CONNECTED, ok=true, minWireVersion=0, maxWireVersion=5, maxDocumentSize=16777216, logicalSessionTimeoutMinutes=null, roundTripTimeNanos=82116700}
2022-02-06 11:53:33.030  INFO 12328 --- [localhost:56951] org.mongodb.driver.connection            : Opened connection [connectionId{localValue:2, serverValue:2}] to localhost:56951
2022-02-06 11:53:33.484  INFO 12328 --- [       Thread-4] o.s.b.a.mongo.embedded.EmbeddedMongo     : 2022-02-06T11:53:33.484+0100 I NETWORK  [thread1] connection accepted from 127.0.0.1:56995 #3 (3 connections now open)
2022-02-06 11:53:33.485  INFO 12328 --- [       Thread-4] o.s.b.a.mongo.embedded.EmbeddedMongo     : 2022-02-06T11:53:33.486+0100 I NETWORK  [thread1] connection accepted from 127.0.0.1:56996 #4 (4 connections now open)
2022-02-06 11:53:33.496  INFO 12328 --- [       Thread-4] o.s.b.a.mongo.embedded.EmbeddedMongo     : 2022-02-06T11:53:33.496+0100 I NETWORK  [conn4] received client metadata from 127.0.0.1:56996 conn4: { driver: { name: "mongo-java-driver|reactive-streams|spring-boot", version: "4.4.1" }, os: { type: "Windows", name: "Windows 10", architecture: "amd64", version: "10.0" }, platform: "Java/Amazon.com Inc./11.0.14+9-LTS" }
2022-02-06 11:53:33.496  INFO 12328 --- [       Thread-4] o.s.b.a.mongo.embedded.EmbeddedMongo     : 2022-02-06T11:53:33.496+0100 I NETWORK  [conn3] received client metadata from 127.0.0.1:56995 conn3: { driver: { name: "mongo-java-driver|reactive-streams|spring-boot", version: "4.4.1" }, os: { type: "Windows", name: "Windows 10", architecture: "amd64", version: "10.0" }, platform: "Java/Amazon.com Inc./11.0.14+9-LTS" }
2022-02-06 11:53:33.502  INFO 12328 --- [ntLoopGroup-2-4] org.mongodb.driver.connection            : Opened connection [connectionId{localValue:4, serverValue:4}] to localhost:56951
2022-02-06 11:53:33.502  INFO 12328 --- [ntLoopGroup-2-3] org.mongodb.driver.connection            : Opened connection [connectionId{localValue:3, serverValue:3}] to localhost:56951
2022-02-06 11:53:33.512  INFO 12328 --- [       Thread-4] o.s.b.a.mongo.embedded.EmbeddedMongo     : 2022-02-06T11:53:33.513+0100 I NETWORK  [thread1] connection accepted from 127.0.0.1:56997 #5 (5 connections now open)
2022-02-06 11:53:33.514  INFO 12328 --- [       Thread-4] o.s.b.a.mongo.embedded.EmbeddedMongo     : 2022-02-06T11:53:33.514+0100 I NETWORK  [conn5] received client metadata from 127.0.0.1:56997 conn5: { driver: { name: "mongo-java-driver|reactive-streams|spring-boot", version: "4.4.1" }, os: { type: "Windows", name: "Windows 10", architecture: "amd64", version: "10.0" }, platform: "Java/Amazon.com Inc./11.0.14+9-LTS" }
2022-02-06 11:53:33.517  INFO 12328 --- [ntLoopGroup-2-5] org.mongodb.driver.connection            : Opened connection [connectionId{localValue:5, serverValue:5}] to localhost:56951
]]></system-out>
  <system-err><![CDATA[]]></system-err>
</testsuite>
